[2017-03-21 17:31:24] INFO:system out-----------{"image":{"name":"0299E839DD356DA67ABC2EACF37CE703.jpg","type":"image\/jpeg","tmp_name":"C:\\Windows\\Temp\\php878A.tmp","error":0,"size":70084}}
[2017-03-21 17:31:39] INFO:system out-----------{"image":{"name":["4D89A19AEF26321AA15969E44126ACD4.jpg","0299E839DD356DA67ABC2EACF37CE703.jpg"],"type":["image\/jpeg","image\/jpeg"],"tmp_name":["C:\\Windows\\Temp\\phpC25A.tmp","C:\\Windows\\Temp\\phpC27A.tmp"],"error":[0,0],"size":[50022,70084]}}
[2017-03-21 17:33:38] INFO:system out-----------{"image":{"name":"0299E839DD356DA67ABC2EACF37CE703.jpg","type":"image\/jpeg","tmp_name":"C:\\Windows\\Temp\\php9258.tmp","error":0,"size":70084}}
[2017-03-21 17:33:42] INFO:system out-----------{"image":{"name":"0299E839DD356DA67ABC2EACF37CE703.jpg","type":"image\/jpeg","tmp_name":"C:\\Windows\\Temp\\phpA08D.tmp","error":0,"size":70084}}
[2017-03-21 17:35:54] INFO:system out-----------{"image":{"name":"0299E839DD356DA67ABC2EACF37CE703.jpg","type":"image\/jpeg","tmp_name":"C:\\Windows\\Temp\\phpA61A.tmp","error":0,"size":70084}}
[2017-03-21 17:39:09] INFO:system out-----------{"image":{"name":"0299E839DD356DA67ABC2EACF37CE703.jpg","type":"image\/jpeg","tmp_name":"C:\\Windows\\Temp\\php9E7E.tmp","error":0,"size":70084}}
[2017-03-21 17:39:29] INFO:system out-----------{"image":{"name":"0299E839DD356DA67ABC2EACF37CE703.jpg","type":"image\/jpeg","tmp_name":"C:\\Windows\\Temp\\phpEBE4.tmp","error":0,"size":70084}}
[2017-03-21 17:45:55] INFO:system out-----------{"image":{"name":"0299E839DD356DA67ABC2EACF37CE703.jpg","type":"image\/jpeg","tmp_name":"C:\\Windows\\Temp\\phpD0B9.tmp","error":0,"size":70084}}
[2017-03-21 17:46:38] INFO:system out-----------{"image":{"name":"0299E839DD356DA67ABC2EACF37CE703.jpg","type":"image\/jpeg","tmp_name":"C:\\Windows\\Temp\\php7ABF.tmp","error":0,"size":70084}}
[2017-03-21 22:17:07] INFO:system out-----------{"image":{"name":"0299E839DD356DA67ABC2EACF37CE703.jpg","type":"image\/jpeg","tmp_name":"C:\\Windows\\Temp\\php1B68.tmp","error":0,"size":70084}}
[2017-03-21 22:21:00] INFO:system out-----------{"image":{"name":"0299E839DD356DA67ABC2EACF37CE703.jpg","type":"image\/jpeg","tmp_name":"C:\\Windows\\Temp\\phpA8AB.tmp","error":0,"size":70084}}
[2017-03-21 22:21:11] INFO:system out-----------{"image":{"name":"0299E839DD356DA67ABC2EACF37CE703.jpg","type":"image\/jpeg","tmp_name":"C:\\Windows\\Temp\\phpD374.tmp","error":0,"size":70084}}
[2017-03-21 22:42:24] INFO:system out-----------{"image_url":{"name":"btn_add.jpg","type":"image\/jpeg","tmp_name":"C:\\Windows\\Temp\\php400F.tmp","error":0,"size":2990}}
[2017-03-21 22:55:09] INFO:system out-----------{"image":{"name":"0299E839DD356DA67ABC2EACF37CE703.jpg","type":"image\/jpeg","tmp_name":"C:\\Windows\\Temp\\phpED60.tmp","error":0,"size":70084}}
[2017-03-21 22:57:34] INFO:system out-----------{"image":{"name":"0299E839DD356DA67ABC2EACF37CE703.jpg","type":"image\/jpeg","tmp_name":"C:\\Windows\\Temp\\php2477.tmp","error":0,"size":70084}}
[2017-03-21 23:03:38] INFO:system out-----------{"image":{"name":"0299E839DD356DA67ABC2EACF37CE703.jpg","type":"image\/jpeg","tmp_name":"C:\\Windows\\Temp\\phpB294.tmp","error":0,"size":70084}}
[2017-03-21 23:06:57] INFO:system out-----------{"image":{"name":"0299E839DD356DA67ABC2EACF37CE703.jpg","type":"image\/jpeg","tmp_name":"C:\\Windows\\Temp\\phpBADF.tmp","error":0,"size":70084}}
[2017-03-21 23:14:02] INFO:system out-----------{"image":{"name":"0299E839DD356DA67ABC2EACF37CE703.jpg","type":"image\/jpeg","tmp_name":"C:\\Windows\\Temp\\php38E5.tmp","error":0,"size":70084}}
[2017-03-21 23:15:03] INFO:system out-----------{"image":{"name":"0299E839DD356DA67ABC2EACF37CE703.jpg","type":"image\/jpeg","tmp_name":"C:\\Windows\\Temp\\php2508.tmp","error":0,"size":70084}}
[2017-03-21 23:15:39] INFO:system out-----------{"image":{"name":"0299E839DD356DA67ABC2EACF37CE703.jpg","type":"image\/jpeg","tmp_name":"C:\\Windows\\Temp\\phpB103.tmp","error":0,"size":70084}}
[2017-03-21 23:17:30] INFO:system out-----------{"image":{"name":"4D89A19AEF26321AA15969E44126ACD4.jpg","type":"image\/jpeg","tmp_name":"C:\\Windows\\Temp\\php6499.tmp","error":0,"size":50022}}
